<?xml version="1.0" encoding="UTF-8"?>
<!-- Generated by org.testng.reporters.JUnitReportReporter -->
<testsuite name="com.knoldus.OnFlipkart" tests="1" time="46.891" ignored="0" failures="0" timestamp="15 Apr 2020 12:38:56 GMT" skipped="0" hostname="knoldus-Vostro-3546" errors="0">
  <testcase name="flipkart" time="46.891" classname="com.knoldus.OnFlipkart"/>
</testsuite> <!-- com.knoldus.OnFlipkart -->
