<?xml version="1.0" encoding="UTF-8"?>
<!-- Generated by org.testng.reporters.JUnitReportReporter -->
<testsuite name="com.knoldus.PredictiveDropdown" tests="2" time="120.484" ignored="0" failures="0" timestamp="15 Apr 2020 12:40:09 GMT" skipped="0" hostname="knoldus-Vostro-3546" errors="0">
  <testcase name="flipkart_search" time="66.826" classname="com.knoldus.PredictiveDropdown"/>
  <testcase name="on_amazon" time="53.658" classname="com.knoldus.PredictiveDropdown"/>
</testsuite> <!-- com.knoldus.PredictiveDropdown -->
